valgrind ./t2
Escolha a opção desejada:
1. Leitura de registros a partir de um arquivo
2. Remover registro
3. Inserir registro
4. Visualizar estatisticas sobre o arquivo de índice
5. Visualizar estatísticas sobre as listas de registros removidos
0. Sair
Insira o nome do arquivo que deseja ler: 
Arquivo lido com sucesso. Criação de arquivos de saída efetuado.

Escolha a opção desejada:
1. Leitura de registros a partir de um arquivo
2. Remover registro
3. Inserir registro
4. Visualizar estatisticas sobre o arquivo de índice
5. Visualizar estatísticas sobre as listas de registros removidos
0. Sair
Qual o ticket a ser removido?
TICKET ENCONTRADO NA POSIVCAO 4!
arquivo está no byte 0
arquivo está no byte 0
size = 0
REMOÇÃO FOI REALIZADA!
TICKET ENCONTRADO NA POSIVCAO 4!
size = 64
aux = 0
size = 81
REMOÇÃO FOI REALIZADA!
TICKET ENCONTRADO NA POSIVCAO 4!
REMOÇÃO FOI REALIZADA!
Escolha a opção desejada:
1. Leitura de registros a partir de um arquivo
2. Remover registro
3. Inserir registro
4. Visualizar estatisticas sobre o arquivo de índice
5. Visualizar estatísticas sobre as listas de registros removidos
0. Sair
Programa encerrado.
